<?xml version="1.0" encoding="UTF-8"?>
<!-- Generated by org.testng.reporters.JUnitXMLReporter -->
<testsuite hostname="HPi3" ignored="0" name="Test(failed)" tests="2" failures="2" timestamp="11 Aug 2018 13:31:22 GMT" time="55.875" errors="0">
  <testcase name="testFaceBookLink" time="29.831" classname="testScripts.Test2">
    <failure type="java.lang.AssertionError" message="expected [Facebook – log in or sign up1] but found [Facebook – log in or sign up]">
      <![CDATA[java.lang.AssertionError: expected [Facebook – log in or sign up1] but found [Facebook – log in or sign up]
at testScripts.Test2.testFaceBookLink(Test2.java:20)
... Removed 31 stack frames]]>
    </failure>
  </testcase> <!-- testFaceBookLink -->
  <testcase name="testGoogleLink" time="9.819" classname="testScripts.Test1">
    <failure type="java.lang.AssertionError" message="expected [Google1] but found [www.google.com]">
      <![CDATA[java.lang.AssertionError: expected [Google1] but found [www.google.com]
at testScripts.Test1.testGoogleLink(Test1.java:18)
... Removed 31 stack frames]]>
    </failure>
  </testcase> <!-- testGoogleLink -->
</testsuite> <!-- Test(failed) -->
